<?xml version="1.0" encoding="UTF-8"?>
<!-- Generated by org.testng.reporters.JUnitXMLReporter -->
<testsuite hostname="W1071DXQQ2" ignored="1" name="Default test" tests="1" failures="0" timestamp="2021-09-21T15:48:28 IST" time="15.891" errors="0">
  <testcase name="enterCredentials" time="15.041" classname="com.pom.testcases.TestFacebookLoginPage"/>
  <testcase name="getLoginError" time="0.0" classname="com.pom.testcases.TestFacebookLoginPage">
    <ignored/>
  </testcase> <!-- getLoginError -->
</testsuite> <!-- Default test -->
