<?xml version="1.0" encoding="UTF-8"?>
<testsuite xmlns:xsi="http://www.w3.org/2001/XMLSchema-instance" xsi:noNamespaceSchemaLocation="https://maven.apache.org/surefire/maven-surefire-plugin/xsd/surefire-test-report-3.0.xsd" version="3.0" name="TestSuite" time="49.06" tests="3" errors="0" skipped="0" failures="1">
  <properties>
[...]
</properties>
  <testcase name="enterCredentials" classname="com.pom.testcases.TestFacebookLoginPage" time="18.66">
    <system-out><![CDATA[[INFO ] 2021-09-20 15:45:14.$$$ [main] TestFacebookLoginPage - browser is opened
[INFO ] 2021-09-20 15:45:14.$$$ [main] TestFacebookLoginPage - enter the credentials
[INFO ] 2021-09-20 15:45:19.$$$ [main] TestFacebookLoginPage - login credentials entered successfully
]]></system-out>
    <system-err><![CDATA[1632132904882	geckodriver	INFO	Listening on 127.0.0.1:27028
1632132905534	mozrunner::runner	INFO	Running command: "C:\\Program Files\\Mozilla Firefox\\firefox.exe" "--marionette" "-foreground" "-no-remote" "-profile" "C:\\Users\\PRASHA~1\\AppData\\Local\\Temp\\rust_mozprofilez7dFeU"
1632132906706	Marionette	INFO	Marionette enabled
console.warn: SearchSettings: "get: No settings file exists, new profile?" (new NotFoundError("Could not open the file at C:\\Users\\prashanth_a1\\AppData\\Local\\Temp\\rust_mozprofilez7dFeU\\search.json.mozlz4", (void 0)))
1632132910970	Marionette	INFO	Listening on port 1061
1632132911356	RemoteAgent	WARN	TLS certificate errors will be ignored for this session
Sep 20, 2021 3:45:11 PM org.openqa.selenium.remote.ProtocolHandshake createSession
INFO: Detected dialect: W3C
]]></system-err>
  </testcase>
  <testcase name="getLoginError" classname="com.pom.testcases.TestFacebookLoginPage" time="9.916">
    <failure message="Unable to locate element: //div[@class=&apos;_9ay7&apos;]&#10;For documentation on this error, please visit: https://www.seleniumhq.org/exceptions/no_such_element.html&#10;Build info: version: &apos;3.141.59&apos;, revision: &apos;e82be7d358&apos;, time: &apos;2018-11-14T08:17:03&apos;&#10;System info: host: &apos;W1071DXQQ2&apos;, ip: &apos;10.107.115.98&apos;, os.name: &apos;Windows 10&apos;, os.arch: &apos;amd64&apos;, os.version: &apos;10.0&apos;, java.version: &apos;1.8.0_291&apos;&#10;Driver info: org.openqa.selenium.firefox.FirefoxDriver&#10;Capabilities {acceptInsecureCerts: true, browserName: firefox, browserVersion: 91.0.1, javascriptEnabled: true, moz:accessibilityChecks: false, moz:buildID: 20210816143654, moz:geckodriverVersion: 0.29.1, moz:headless: false, moz:processID: 28568, moz:profile: C:\Users\prashanth_a1\AppDa..., moz:shutdownTimeout: 60000, moz:useNonSpecCompliantPointerOrigin: false, moz:webdriverClick: true, pageLoadStrategy: normal, platform: WINDOWS, platformName: WINDOWS, platformVersion: 10.0, proxy: Proxy(), setWindowRect: true, strictFileInteractability: false, timeouts: {implicit: 0, pageLoad: 300000, script: 30000}, unhandledPromptBehavior: dismiss and notify}&#10;Session ID: ffab19f9-a913-483e-87ac-6b3d492ed88b&#10;*** Element info: {Using=xpath, value=//div[@class=&apos;_9ay7&apos;]}" type="org.openqa.selenium.NoSuchElementException"><![CDATA[org.openqa.selenium.NoSuchElementException: 
Unable to locate element: //div[@class='_9ay7']
For documentation on this error, please visit: https://www.seleniumhq.org/exceptions/no_such_element.html
Build info: version: '3.141.59', revision: 'e82be7d358', time: '2018-11-14T08:17:03'
System info: host: 'W1071DXQQ2', ip: '10.107.115.98', os.name: 'Windows 10', os.arch: 'amd64', os.version: '10.0', java.version: '1.8.0_291'
Driver info: org.openqa.selenium.firefox.FirefoxDriver
Capabilities {acceptInsecureCerts: true, browserName: firefox, browserVersion: 91.0.1, javascriptEnabled: true, moz:accessibilityChecks: false, moz:buildID: 20210816143654, moz:geckodriverVersion: 0.29.1, moz:headless: false, moz:processID: 28568, moz:profile: C:\Users\prashanth_a1\AppDa..., moz:shutdownTimeout: 60000, moz:useNonSpecCompliantPointerOrigin: false, moz:webdriverClick: true, pageLoadStrategy: normal, platform: WINDOWS, platformName: WINDOWS, platformVersion: 10.0, proxy: Proxy(), setWindowRect: true, strictFileInteractability: false, timeouts: {implicit: 0, pageLoad: 300000, script: 30000}, unhandledPromptBehavior: dismiss and notify}
Session ID: ffab19f9-a913-483e-87ac-6b3d492ed88b
*** Element info: {Using=xpath, value=//div[@class='_9ay7']}
	at com.pom.testcases.TestFacebookLoginPage.getLoginError(TestFacebookLoginPage.java:85)
]]></failure>
    <system-out><![CDATA[TestNG method Passed enterCredentials
]]></system-out>
  </testcase>
  <testcase name="testForgotPassword" classname="com.pom.testcases.TestFBForgotPassword" time="14.988">
    <system-err><![CDATA[1632132930170	geckodriver	INFO	Listening on 127.0.0.1:5522
1632132930560	mozrunner::runner	INFO	Running command: "C:\\Program Files\\Mozilla Firefox\\firefox.exe" "--marionette" "-foreground" "-no-remote" "-profile" "C:\\Users\\PRASHA~1\\AppData\\Local\\Temp\\rust_mozprofileJwJOvl"
1632132931792	Marionette	INFO	Marionette enabled
console.warn: SearchSettings: "get: No settings file exists, new profile?" (new NotFoundError("Could not open the file at C:\\Users\\prashanth_a1\\AppData\\Local\\Temp\\rust_mozprofileJwJOvl\\search.json.mozlz4", (void 0)))
1632132936271	Marionette	INFO	Listening on port 1137
1632132936396	RemoteAgent	WARN	TLS certificate errors will be ignored for this session
Sep 20, 2021 3:45:36 PM org.openqa.selenium.remote.ProtocolHandshake createSession
INFO: Detected dialect: W3C
1632132941612	Marionette	INFO	Stopped listening on port 1137
JavaScript error: resource:///modules/Interactions.jsm, line 209: NS_ERROR_FAILURE: Component returned failure code: 0x80004005 (NS_ERROR_FAILURE) [nsIUserIdleService.removeIdleObserver]

###!!! [Parent][MessageChannel] Error: (msgtype=0x390076,name=PContent::Msg_DestroyBrowsingContextGroup) Closed channel: cannot send/recv


###!!! [Child][RunMessage] Error: Channel closing: too late to send/recv, messages will be lost


###!!! [Child][RunMessage] Error: Channel closing: too late to send/recv, messages will be lost

]]></system-err>
  </testcase>
</testsuite>