<?xml version="1.0" encoding="UTF-8"?>
<testng-results skipped="0" failed="0" ignored="0" total="1" passed="1">
  <reporter-output>
    <line>
      <![CDATA[TestNG method started FacebookPageTest]]>
    </line>
    <line>
      <![CDATA[TestNG method started testForgotPassword]]>
    </line>
    <line>
      <![CDATA[TestNG method Passed testForgotPassword]]>
    </line>
    <line>
      <![CDATA[<br>]]>
    </line>
  </reporter-output>
  <suite name="FacebookPageSuite" duration-ms="14535" started-at="2021-09-22T00:54:08 IST" finished-at="2021-09-22T00:54:23 IST">
    <groups>
    </groups>
    <test name="FacebookPageTest" duration-ms="14535" started-at="2021-09-22T00:54:08 IST" finished-at="2021-09-22T00:54:23 IST">
      <class name="com.pom.testcases.TestFBForgotPassword">
        <test-method status="PASS" signature="testForgotPassword()[pri:0, instance:com.pom.testcases.TestFBForgotPassword@281e3708]" name="testForgotPassword" duration-ms="14495" started-at="2021-09-22T00:54:09 IST" finished-at="2021-09-22T00:54:23 IST">
          <reporter-output>
            <line>
              <![CDATA[TestNG method started testForgotPassword]]>
            </line>
            <line>
              <![CDATA[TestNG method Passed testForgotPassword]]>
            </line>
            <line>
              <![CDATA[<br>]]>
            </line>
          </reporter-output>
        </test-method> <!-- testForgotPassword -->
      </class> <!-- com.pom.testcases.TestFBForgotPassword -->
    </test> <!-- FacebookPageTest -->
  </suite> <!-- FacebookPageSuite -->
</testng-results>
